<?xml version="1.0" encoding="UTF-8" ?>
<testsuite tests="1" failures="0" name="com.sample.example.HelloWorldTest" time="0.089" errors="1" skipped="0">
  <properties>
[...]
</properties>
  <testcase classname="com.sample.example.HelloWorldTest" name="testHelloWorld" time="0.089">
    <error type="Unable">Unable to load configuration. - action - file:/C:/Users/calla/Desktop/sample/sample/target/classes/struts.xml:22:67
	at org.apache.struts2.dispatcher.Dispatcher.init(Dispatcher.java:509)
	at org.apache.struts2.util.StrutsTestCaseHelper.initDispatcher(StrutsTestCaseHelper.java:44)
	at org.apache.struts2.StrutsTestCase.initDispatcher(StrutsTestCase.java:236)
	at org.apache.struts2.StrutsTestCase.setUp(StrutsTestCase.java:216)
	at junit.framework.TestCase.runBare(TestCase.java:139)
	at junit.framework.TestResult$1.protect(TestResult.java:122)
	at junit.framework.TestResult.runProtected(TestResult.java:142)
	at junit.framework.TestResult.run(TestResult.java:125)
	at junit.framework.TestCase.run(TestCase.java:129)
	at junit.framework.TestSuite.runTest(TestSuite.java:252)
	at junit.framework.TestSuite.run(TestSuite.java:247)
	at org.junit.internal.runners.JUnit38ClassRunner.run(JUnit38ClassRunner.java:86)
	at org.apache.maven.surefire.junit4.JUnit4Provider.execute(JUnit4Provider.java:252)
	at org.apache.maven.surefire.junit4.JUnit4Provider.executeTestSet(JUnit4Provider.java:141)
	at org.apache.maven.surefire.junit4.JUnit4Provider.invoke(JUnit4Provider.java:112)
	at java.base/jdk.internal.reflect.NativeMethodAccessorImpl.invoke0(Native Method)
	at java.base/jdk.internal.reflect.NativeMethodAccessorImpl.invoke(NativeMethodAccessorImpl.java:77)
	at java.base/jdk.internal.reflect.DelegatingMethodAccessorImpl.invoke(DelegatingMethodAccessorImpl.java:43)
	at java.base/java.lang.reflect.Method.invoke(Method.java:568)
	at org.apache.maven.surefire.util.ReflectionUtils.invokeMethodWithArray(ReflectionUtils.java:189)
	at org.apache.maven.surefire.booter.ProviderFactory$ProviderProxy.invoke(ProviderFactory.java:165)
	at org.apache.maven.surefire.booter.ProviderFactory.invokeProvider(ProviderFactory.java:85)
	at org.apache.maven.surefire.booter.ForkedBooter.runSuitesInProcess(ForkedBooter.java:115)
	at org.apache.maven.surefire.booter.ForkedBooter.main(ForkedBooter.java:75)
Caused by: Unable to load configuration. - action - file:/C:/Users/calla/Desktop/sample/sample/target/classes/struts.xml:22:67
	at com.opensymphony.xwork2.config.ConfigurationManager.getConfiguration(ConfigurationManager.java:69)
	at org.apache.struts2.dispatcher.Dispatcher.getContainer(Dispatcher.java:959)
	at org.apache.struts2.dispatcher.Dispatcher.init_PreloadConfiguration(Dispatcher.java:463)
	at org.apache.struts2.dispatcher.Dispatcher.init(Dispatcher.java:496)
	... 23 more
Caused by: Action class [com.sample.example.Home] not found - action - file:/C:/Users/calla/Desktop/sample/sample/target/classes/struts.xml:22:67
	at com.opensymphony.xwork2.config.providers.XmlConfigurationProvider.verifyAction(XmlConfigurationProvider.java:508)
	at com.opensymphony.xwork2.config.providers.XmlConfigurationProvider.addAction(XmlConfigurationProvider.java:457)
	at com.opensymphony.xwork2.config.providers.XmlConfigurationProvider.addPackage(XmlConfigurationProvider.java:572)
	at com.opensymphony.xwork2.config.providers.XmlConfigurationProvider.loadPackages(XmlConfigurationProvider.java:326)
	at org.apache.struts2.config.StrutsXmlConfigurationProvider.loadPackages(StrutsXmlConfigurationProvider.java:108)
	at com.opensymphony.xwork2.config.impl.DefaultConfiguration.reloadContainer(DefaultConfiguration.java:196)
	at com.opensymphony.xwork2.config.ConfigurationManager.getConfiguration(ConfigurationManager.java:66)
	... 26 more
</error>
    <system-out>2022-10-18 08:53:39,918 ERROR [main] dispatcher.Dispatcher (Dispatcher.java:508) - Dispatcher initialization failed
com.opensymphony.xwork2.config.ConfigurationException: Unable to load configuration.
	at com.opensymphony.xwork2.config.ConfigurationManager.getConfiguration(ConfigurationManager.java:69) ~[struts2-core-2.5.22.jar:2.5.22]
	at org.apache.struts2.dispatcher.Dispatcher.getContainer(Dispatcher.java:959) ~[struts2-core-2.5.22.jar:2.5.22]
	at org.apache.struts2.dispatcher.Dispatcher.init_PreloadConfiguration(Dispatcher.java:463) ~[struts2-core-2.5.22.jar:2.5.22]
	at org.apache.struts2.dispatcher.Dispatcher.init(Dispatcher.java:496) [struts2-core-2.5.22.jar:2.5.22]
	at org.apache.struts2.util.StrutsTestCaseHelper.initDispatcher(StrutsTestCaseHelper.java:44) [struts2-core-2.5.22.jar:2.5.22]
	at org.apache.struts2.StrutsTestCase.initDispatcher(StrutsTestCase.java:236) [struts2-junit-plugin-2.5.22.jar:2.5.22]
	at org.apache.struts2.StrutsTestCase.setUp(StrutsTestCase.java:216) [struts2-junit-plugin-2.5.22.jar:2.5.22]
	at junit.framework.TestCase.runBare(TestCase.java:139) [junit-4.12.jar:4.12]
	at junit.framework.TestResult$1.protect(TestResult.java:122) [junit-4.12.jar:4.12]
	at junit.framework.TestResult.runProtected(TestResult.java:142) [junit-4.12.jar:4.12]
	at junit.framework.TestResult.run(TestResult.java:125) [junit-4.12.jar:4.12]
	at junit.framework.TestCase.run(TestCase.java:129) [junit-4.12.jar:4.12]
	at junit.framework.TestSuite.runTest(TestSuite.java:252) [junit-4.12.jar:4.12]
	at junit.framework.TestSuite.run(TestSuite.java:247) [junit-4.12.jar:4.12]
	at org.junit.internal.runners.JUnit38ClassRunner.run(JUnit38ClassRunner.java:86) [junit-4.12.jar:4.12]
	at org.apache.maven.surefire.junit4.JUnit4Provider.execute(JUnit4Provider.java:252) [surefire-junit4-2.12.4.jar:2.12.4]
	at org.apache.maven.surefire.junit4.JUnit4Provider.executeTestSet(JUnit4Provider.java:141) [surefire-junit4-2.12.4.jar:2.12.4]
	at org.apache.maven.surefire.junit4.JUnit4Provider.invoke(JUnit4Provider.java:112) [surefire-junit4-2.12.4.jar:2.12.4]
	at jdk.internal.reflect.NativeMethodAccessorImpl.invoke0(Native Method) ~[?:?]
	at jdk.internal.reflect.NativeMethodAccessorImpl.invoke(NativeMethodAccessorImpl.java:77) ~[?:?]
	at jdk.internal.reflect.DelegatingMethodAccessorImpl.invoke(DelegatingMethodAccessorImpl.java:43) ~[?:?]
	at java.lang.reflect.Method.invoke(Method.java:568) ~[?:?]
	at org.apache.maven.surefire.util.ReflectionUtils.invokeMethodWithArray(ReflectionUtils.java:189) [surefire-api-2.12.4.jar:2.12.4]
	at org.apache.maven.surefire.booter.ProviderFactory$ProviderProxy.invoke(ProviderFactory.java:165) [surefire-booter-2.12.4.jar:2.12.4]
	at org.apache.maven.surefire.booter.ProviderFactory.invokeProvider(ProviderFactory.java:85) [surefire-booter-2.12.4.jar:2.12.4]
	at org.apache.maven.surefire.booter.ForkedBooter.runSuitesInProcess(ForkedBooter.java:115) [surefire-booter-2.12.4.jar:2.12.4]
	at org.apache.maven.surefire.booter.ForkedBooter.main(ForkedBooter.java:75) [surefire-booter-2.12.4.jar:2.12.4]
Caused by: com.opensymphony.xwork2.config.ConfigurationException: Action class [com.sample.example.Home] not found
	at com.opensymphony.xwork2.config.providers.XmlConfigurationProvider.verifyAction(XmlConfigurationProvider.java:508) ~[struts2-core-2.5.22.jar:2.5.22]
	at com.opensymphony.xwork2.config.providers.XmlConfigurationProvider.addAction(XmlConfigurationProvider.java:457) ~[struts2-core-2.5.22.jar:2.5.22]
	at com.opensymphony.xwork2.config.providers.XmlConfigurationProvider.addPackage(XmlConfigurationProvider.java:572) ~[struts2-core-2.5.22.jar:2.5.22]
	at com.opensymphony.xwork2.config.providers.XmlConfigurationProvider.loadPackages(XmlConfigurationProvider.java:326) ~[struts2-core-2.5.22.jar:2.5.22]
	at org.apache.struts2.config.StrutsXmlConfigurationProvider.loadPackages(StrutsXmlConfigurationProvider.java:108) ~[struts2-core-2.5.22.jar:2.5.22]
	at com.opensymphony.xwork2.config.impl.DefaultConfiguration.reloadContainer(DefaultConfiguration.java:196) ~[struts2-core-2.5.22.jar:2.5.22]
	at com.opensymphony.xwork2.config.ConfigurationManager.getConfiguration(ConfigurationManager.java:66) ~[struts2-core-2.5.22.jar:2.5.22]
	... 26 more
</system-out>
  </testcase>
</testsuite>